<?xml version="1.0" encoding="UTF-8"?>
<!-- Generated by org.testng.reporters.JUnitReportReporter -->
<testsuite skipped="0" hostname="CTSTX34526" name="Crossbrowser" tests="2" failures="0" timestamp="30 May 2017 04:14:01 GMT" time="5.065" errors="0">
  <testcase name="opentest" time="2.839" classname="Crossbrowser"/>
  <testcase name="opentest" time="2.226" classname="Crossbrowser"/>
</testsuite> <!-- Crossbrowser -->
